<?xml version="1.0" encoding="UTF-8"?>
<!-- Generated by org.testng.reporters.JUnitReportReporter -->
<testsuite skipped="0" hostname="Admin-PC" name="mavendemotest.testng1" tests="3" failures="0" timestamp="29 Jan 2019 17:29:47 GMT" time="0.017" errors="0">
  <testcase name="add" time="0.014" classname="mavendemotest.testng1"/>
  <testcase name="sub" time="0.002" classname="mavendemotest.testng1"/>
  <testcase name="div" time="0.001" classname="mavendemotest.testng1"/>
</testsuite> <!-- mavendemotest.testng1 -->
