<?xml version="1.0" encoding="UTF-8"?>
<!-- Generated by org.testng.reporters.JUnitReportReporter -->
<testsuite skipped="0" hostname="Admin-PC" name="Testng.testng2" tests="3" failures="0" timestamp="29 Jan 2019 17:31:36 GMT" time="0.024" errors="0">
  <testcase name="add" time="0.019" classname="Testng.testng2"/>
  <testcase name="sub" time="0.003" classname="Testng.testng2"/>
  <testcase name="div" time="0.002" classname="Testng.testng2"/>
</testsuite> <!-- Testng.testng2 -->
